🚀 作业开始于: Wed Jun 25 07:41:54 UTC 2025
📌 节点: c03
🔧 使用 CPU 核数: 8
--- 正在从 '/ubsnhome/23063003r/refgame_project/models/CPM-Generate' 加载 CPM 模型 ---
✅ 模型和分词器加载成功！
   模型将被运行在: cpu

--- 开始进行基础文本续写测试 ---

====================
测试输入 (Prompt): '清华大学位于中国'
--------------------
  ▶️  测试策略 1: 贪心搜索 (do_sample=False)
  > 生成结果: 清华大学位于中国                         

  ▶️  测试策略 2: 采样搜索 (do_sample=True)
  > 生成结果: 清华大学位于中国学校性质私立大学 学校简介 学校历史: 专业课程 计算机、计算机应用、计算机科学与技术、计算机信息管理、软件工程、软件工程、计算机

====================
测试输入 (Prompt): '人工智能的未来是'
--------------------
  ▶️  测试策略 1: 贪心搜索 (do_sample=False)
  > 生成结果: 人工智能的未来是第2章 “物联网”的概念第3章 物联网的定义第4章 物联网的定义第5章 物联网的定义

  ▶️  测试策略 2: 采样搜索 (do_sample=True)
  > 生成结果: 人工智能的未来是水  词语:水 拼音:tuóhuǐ释义:1、水河。2、水

====================
测试输入 (Prompt): '飞机是'
--------------------
  ▶️  测试策略 1: 贪心搜索 (do_sample=False)
  > 生成结果: 飞机是 基本信息 【词目】: 

  ▶️  测试策略 2: 采样搜索 (do_sample=True)
  > 生成结果: 飞机是诗词:枝枝不肯折,云气气,枝枝折,

====================
测试输入 (Prompt): '猫是'
--------------------
  ▶️  测试策略 1: 贪心搜索 (do_sample=False)
  > 生成结果: 猫是第2节 “”“”“”“”“”“”“”“

  ▶️  测试策略 2: 采样搜索 (do_sample=True)
  > 生成结果: 猫是第二节 “”的“”第三节 “”的“”第四节 “”的

====================
--- 测试结束 ---
✅ 作业结束于: Wed Jun 25 07:43:45 UTC 2025
