🚀 作业开始于: Wed Jun 18 12:00:19 HKT 2025
📌 节点: h07c04
🔧 使用 CPU 核数: 4
--- 开始构建游戏数据库 ---
1. 读取中文句子数据...
   - 读取到 78037 条中文句子。
2. 读取英文句子数据...
   - 读取到 1981852 条英文句子。
3. 读取链接数据...
   - 读取到 26482172 条链接。
4. 构建平行句对并筛选简单句子...
   - 找到 109676 条符合简单句子标准的平行句对。
5. 生成游戏回合数据...
   - 已生成 100/15000 轮游戏数据。
   - 已生成 200/15000 轮游戏数据。
   - 已生成 300/15000 轮游戏数据。
   - 已生成 400/15000 轮游戏数据。
   - 已生成 500/15000 轮游戏数据。
   - 已生成 600/15000 轮游戏数据。
   - 已生成 700/15000 轮游戏数据。
   - 已生成 800/15000 轮游戏数据。
   - 已生成 900/15000 轮游戏数据。
   - 已生成 1000/15000 轮游戏数据。
   - 已生成 1100/15000 轮游戏数据。
   - 已生成 1200/15000 轮游戏数据。
   - 已生成 1300/15000 轮游戏数据。
   - 已生成 1400/15000 轮游戏数据。
   - 已生成 1500/15000 轮游戏数据。
   - 已生成 1600/15000 轮游戏数据。
   - 已生成 1700/15000 轮游戏数据。
   - 已生成 1800/15000 轮游戏数据。
   - 已生成 1900/15000 轮游戏数据。
   - 已生成 2000/15000 轮游戏数据。
   - 已生成 2100/15000 轮游戏数据。
   - 已生成 2200/15000 轮游戏数据。
   - 已生成 2300/15000 轮游戏数据。
   - 已生成 2400/15000 轮游戏数据。
   - 已生成 2500/15000 轮游戏数据。
   - 已生成 2600/15000 轮游戏数据。
   - 已生成 2700/15000 轮游戏数据。
   - 已生成 2800/15000 轮游戏数据。
   - 已生成 2900/15000 轮游戏数据。
   - 已生成 3000/15000 轮游戏数据。
   - 已生成 3100/15000 轮游戏数据。
   - 已生成 3200/15000 轮游戏数据。
   - 已生成 3300/15000 轮游戏数据。
   - 已生成 3400/15000 轮游戏数据。
   - 已生成 3500/15000 轮游戏数据。
   - 已生成 3600/15000 轮游戏数据。
   - 已生成 3700/15000 轮游戏数据。
   - 已生成 3800/15000 轮游戏数据。
   - 已生成 3900/15000 轮游戏数据。
   - 已生成 4000/15000 轮游戏数据。
   - 已生成 4100/15000 轮游戏数据。
   - 已生成 4200/15000 轮游戏数据。
   - 已生成 4300/15000 轮游戏数据。
   - 已生成 4400/15000 轮游戏数据。
   - 已生成 4500/15000 轮游戏数据。
   - 已生成 4600/15000 轮游戏数据。
   - 已生成 4700/15000 轮游戏数据。
   - 已生成 4800/15000 轮游戏数据。
   - 已生成 4900/15000 轮游戏数据。
   - 已生成 5000/15000 轮游戏数据。
   - 已生成 5100/15000 轮游戏数据。
   - 已生成 5200/15000 轮游戏数据。
   - 已生成 5300/15000 轮游戏数据。
   - 已生成 5400/15000 轮游戏数据。
   - 已生成 5500/15000 轮游戏数据。
   - 已生成 5600/15000 轮游戏数据。
   - 已生成 5700/15000 轮游戏数据。
   - 已生成 5800/15000 轮游戏数据。
   - 已生成 5900/15000 轮游戏数据。
   - 已生成 6000/15000 轮游戏数据。
   - 已生成 6100/15000 轮游戏数据。
   - 已生成 6200/15000 轮游戏数据。
   - 已生成 6300/15000 轮游戏数据。
   - 已生成 6400/15000 轮游戏数据。
   - 已生成 6500/15000 轮游戏数据。
   - 已生成 6600/15000 轮游戏数据。
   - 已生成 6700/15000 轮游戏数据。
   - 已生成 6800/15000 轮游戏数据。
   - 已生成 6900/15000 轮游戏数据。
   - 已生成 7000/15000 轮游戏数据。
   - 已生成 7100/15000 轮游戏数据。
   - 已生成 7200/15000 轮游戏数据。
   - 已生成 7300/15000 轮游戏数据。
   - 已生成 7400/15000 轮游戏数据。
   - 已生成 7500/15000 轮游戏数据。
   - 已生成 7600/15000 轮游戏数据。
   - 已生成 7700/15000 轮游戏数据。
   - 已生成 7800/15000 轮游戏数据。
   - 已生成 7900/15000 轮游戏数据。
   - 已生成 8000/15000 轮游戏数据。
   - 已生成 8100/15000 轮游戏数据。
   - 已生成 8200/15000 轮游戏数据。
   - 已生成 8300/15000 轮游戏数据。
   - 已生成 8400/15000 轮游戏数据。
   - 已生成 8500/15000 轮游戏数据。
   - 已生成 8600/15000 轮游戏数据。
   - 已生成 8700/15000 轮游戏数据。
   - 已生成 8800/15000 轮游戏数据。
   - 已生成 8900/15000 轮游戏数据。
   - 已生成 9000/15000 轮游戏数据。
   - 已生成 9100/15000 轮游戏数据。
   - 已生成 9200/15000 轮游戏数据。
   - 已生成 9300/15000 轮游戏数据。
   - 已生成 9400/15000 轮游戏数据。
   - 已生成 9500/15000 轮游戏数据。
   - 已生成 9600/15000 轮游戏数据。
   - 已生成 9700/15000 轮游戏数据。
   - 已生成 9800/15000 轮游戏数据。
   - 已生成 9900/15000 轮游戏数据。
   - 已生成 10000/15000 轮游戏数据。
   - 已生成 10100/15000 轮游戏数据。
   - 已生成 10200/15000 轮游戏数据。
   - 已生成 10300/15000 轮游戏数据。
   - 已生成 10400/15000 轮游戏数据。
   - 已生成 10500/15000 轮游戏数据。
   - 已生成 10600/15000 轮游戏数据。
   - 已生成 10700/15000 轮游戏数据。
   - 已生成 10800/15000 轮游戏数据。
   - 已生成 10900/15000 轮游戏数据。
   - 已生成 11000/15000 轮游戏数据。
   - 已生成 11100/15000 轮游戏数据。
   - 已生成 11200/15000 轮游戏数据。
   - 已生成 11300/15000 轮游戏数据。
   - 已生成 11400/15000 轮游戏数据。
   - 已生成 11500/15000 轮游戏数据。
   - 已生成 11600/15000 轮游戏数据。
   - 已生成 11700/15000 轮游戏数据。
   - 已生成 11800/15000 轮游戏数据。
   - 已生成 11900/15000 轮游戏数据。
   - 已生成 12000/15000 轮游戏数据。
   - 已生成 12100/15000 轮游戏数据。
   - 已生成 12200/15000 轮游戏数据。
   - 已生成 12300/15000 轮游戏数据。
   - 已生成 12400/15000 轮游戏数据。
   - 已生成 12500/15000 轮游戏数据。
   - 已生成 12600/15000 轮游戏数据。
   - 已生成 12700/15000 轮游戏数据。
   - 已生成 12800/15000 轮游戏数据。
   - 已生成 12900/15000 轮游戏数据。
   - 已生成 13000/15000 轮游戏数据。
   - 已生成 13100/15000 轮游戏数据。
   - 已生成 13200/15000 轮游戏数据。
   - 已生成 13300/15000 轮游戏数据。
   - 已生成 13400/15000 轮游戏数据。
   - 已生成 13500/15000 轮游戏数据。
   - 已生成 13600/15000 轮游戏数据。
   - 已生成 13700/15000 轮游戏数据。
   - 已生成 13800/15000 轮游戏数据。
   - 已生成 13900/15000 轮游戏数据。
   - 已生成 14000/15000 轮游戏数据。
   - 已生成 14100/15000 轮游戏数据。
   - 已生成 14200/15000 轮游戏数据。
   - 已生成 14300/15000 轮游戏数据。
   - 已生成 14400/15000 轮游戏数据。
   - 已生成 14500/15000 轮游戏数据。
   - 已生成 14600/15000 轮游戏数据。
   - 已生成 14700/15000 轮游戏数据。
   - 已生成 14800/15000 轮游戏数据。
   - 已生成 14900/15000 轮游戏数据。
   - 已生成 15000/15000 轮游戏数据。
   - 最终生成 15000 轮游戏数据。

🎉 成功将游戏数据保存到: /puhome/23063003r/refgame_project/data/generated_game_data.json
✅ 作业结束于: Wed Jun 18 12:02:54 HKT 2025
