🚀 作业开始于: Tue Jun 17 21:15:35 HKT 2025
📌 节点: h07c15
🔧 使用 CPU 核数: 4
--- 开始构建游戏数据库 ---
1. 读取中文句子数据...
   - 读取到 78037 条中文句子。
2. 读取英文句子数据...
   - 读取到 1981852 条英文句子。
3. 读取链接数据...
   - 读取到 26482172 条链接。
4. 构建平行句对并筛选简单句子...
   - 找到 109676 条符合简单句子标准的平行句对。
5. 生成游戏回合数据...
   - 已生成 100/3000 轮游戏数据。
   - 已生成 200/3000 轮游戏数据。
   - 已生成 300/3000 轮游戏数据。
   - 已生成 400/3000 轮游戏数据。
   - 已生成 500/3000 轮游戏数据。
   - 已生成 600/3000 轮游戏数据。
   - 已生成 700/3000 轮游戏数据。
   - 已生成 800/3000 轮游戏数据。
   - 已生成 900/3000 轮游戏数据。
   - 已生成 1000/3000 轮游戏数据。
   - 已生成 1100/3000 轮游戏数据。
   - 已生成 1200/3000 轮游戏数据。
   - 已生成 1300/3000 轮游戏数据。
   - 已生成 1400/3000 轮游戏数据。
   - 已生成 1500/3000 轮游戏数据。
   - 已生成 1600/3000 轮游戏数据。
   - 已生成 1700/3000 轮游戏数据。
   - 已生成 1800/3000 轮游戏数据。
   - 已生成 1900/3000 轮游戏数据。
   - 已生成 2000/3000 轮游戏数据。
   - 已生成 2100/3000 轮游戏数据。
   - 已生成 2200/3000 轮游戏数据。
   - 已生成 2300/3000 轮游戏数据。
   - 已生成 2400/3000 轮游戏数据。
   - 已生成 2500/3000 轮游戏数据。
   - 已生成 2600/3000 轮游戏数据。
   - 已生成 2700/3000 轮游戏数据。
   - 已生成 2800/3000 轮游戏数据。
   - 已生成 2900/3000 轮游戏数据。
   - 已生成 3000/3000 轮游戏数据。
   - 最终生成 3000 轮游戏数据。

🎉 成功将游戏数据保存到: /puhome/23063003r/refgame_project/data/generated_game_data.json
✅ 作业结束于: Tue Jun 17 21:18:47 HKT 2025
